Daten abgefragt: 2021-10-26 23:12:17
Daten abgefragt: 2021-10-26 23:12:44
Daten abgefragt: 2021-10-26 23:12:51
Daten abgefragt: 2021-10-26 23:15:39
('Raw Data: ', {'id': '1769', 'datum': '2021-10-26', 'fallzahl': None, 'neue_faelle': None, 'genesene': None, 'todesfaelle': None, '7_tage_inzidenz': '118.7', 'rel_veraenderung_der_7_tage_inzidenz': None, '7_tage_hosp_inzidenz': None, 'its_belegung': None})
('7_tage_inzidenz -', 118.7, '- ROT')
Daten abgefragt: 2021-10-26 23:16:27
('Raw Data: ', {'id': '1769', 'datum': '2021-10-26', 'fallzahl': None, 'neue_faelle': None, 'genesene': None, 'todesfaelle': None, '7_tage_inzidenz': '118.7', 'rel_veraenderung_der_7_tage_inzidenz': None, '7_tage_hosp_inzidenz': None, 'its_belegung': None})
('7_tage_inzidenz -', 118.7, '- ROT')
Daten abgefragt: 2021-10-26 23:16:36
('Raw Data: ', {'id': '1769', 'datum': '2021-10-26', 'fallzahl': None, 'neue_faelle': None, 'genesene': None, 'todesfaelle': None, '7_tage_inzidenz': '118.7', 'rel_veraenderung_der_7_tage_inzidenz': None, '7_tage_hosp_inzidenz': None, 'its_belegung': None})
('7_tage_inzidenz -', 118.7, '- ROT')
Daten abgefragt: 2021-10-26 23:16:50
Daten abgefragt: 2021-10-26 23:22:04
('Raw Data: ', {'id': '1769', 'datum': '2021-10-26', 'fallzahl': None, 'neue_faelle': None, 'genesene': None, 'todesfaelle': None, '7_tage_inzidenz': '118.7', 'rel_veraenderung_der_7_tage_inzidenz': None, '7_tage_hosp_inzidenz': None, 'its_belegung': None})
('7_tage_inzidenz -', 118.7, '- ROT')
Daten abgefragt: 2021-10-26 23:24:30
('Raw Data: ', {'id': '1769', 'datum': '2021-10-26', 'fallzahl': None, 'neue_faelle': None, 'genesene': None, 'todesfaelle': None, '7_tage_inzidenz': '118.7', 'rel_veraenderung_der_7_tage_inzidenz': None, '7_tage_hosp_inzidenz': None, 'its_belegung': None})
('7_tage_inzidenz -', 118.7, '- ROT')
Daten abgefragt: 2021-10-26 23:25:05
('Raw Data: ', {'id': '1769', 'datum': '2021-10-26', 'fallzahl': None, 'neue_faelle': None, 'genesene': None, 'todesfaelle': None, '7_tage_inzidenz': '118.7', 'rel_veraenderung_der_7_tage_inzidenz': None, '7_tage_hosp_inzidenz': None, 'its_belegung': None})
('7_tage_inzidenz -', 118.7, '- ROT')
Daten abgefragt: 2021-10-26 23:26:39
('Raw Data: ', {'id': '1769', 'datum': '2021-10-26', 'fallzahl': None, 'neue_faelle': None, 'genesene': None, 'todesfaelle': None, '7_tage_inzidenz': '118.7', 'rel_veraenderung_der_7_tage_inzidenz': None, '7_tage_hosp_inzidenz': None, 'its_belegung': None})
('7_tage_inzidenz -', 118.7, '- ROT')
Daten abgefragt: 2021-10-26 23:28:15
('Raw Data: ', {'id': '1769', 'datum': '2021-10-26', 'fallzahl': None, 'neue_faelle': None, 'genesene': None, 'todesfaelle': None, '7_tage_inzidenz': '118.7', 'rel_veraenderung_der_7_tage_inzidenz': None, '7_tage_hosp_inzidenz': None, 'its_belegung': None})
('7_tage_inzidenz -', 118.7, '- ROT')
Daten abgefragt: 2021-10-26 23:28:31
('Raw Data: ', {'id': '1769', 'datum': '2021-10-26', 'fallzahl': None, 'neue_faelle': None, 'genesene': None, 'todesfaelle': None, '7_tage_inzidenz': '118.7', 'rel_veraenderung_der_7_tage_inzidenz': None, '7_tage_hosp_inzidenz': None, 'its_belegung': None})
('7_tage_inzidenz -', 118.7, '- ROT')
Daten abgefragt: 2021-10-26 23:28:43
('Raw Data: ', {'id': '1769', 'datum': '2021-10-26', 'fallzahl': None, 'neue_faelle': None, 'genesene': None, 'todesfaelle': None, '7_tage_inzidenz': '118.7', 'rel_veraenderung_der_7_tage_inzidenz': None, '7_tage_hosp_inzidenz': None, 'its_belegung': None})
('7_tage_inzidenz -', 118.7, '- ROT')
Daten abgefragt: 2021-10-26 23:29:07
('Raw Data: ', {'id': '1769', 'datum': '2021-10-26', 'fallzahl': None, 'neue_faelle': None, 'genesene': None, 'todesfaelle': None, '7_tage_inzidenz': '118.7', 'rel_veraenderung_der_7_tage_inzidenz': None, '7_tage_hosp_inzidenz': None, 'its_belegung': None})
('7_tage_inzidenz -', 118.7, '- ROT')
Daten abgefragt: 2021-10-26 23:33:45
('Raw Data: ', {'id': '1769', 'datum': '2021-10-26', 'fallzahl': None, 'neue_faelle': None, 'genesene': None, 'todesfaelle': None, '7_tage_inzidenz': '118.7', 'rel_veraenderung_der_7_tage_inzidenz': None, '7_tage_hosp_inzidenz': None, 'its_belegung': None})
('7_tage_inzidenz -', 118.7, '- ROT')
Daten abgefragt: 2021-10-26 23:35:40
('Raw Data: ', {'id': '1769', 'datum': '2021-10-26', 'fallzahl': None, 'neue_faelle': None, 'genesene': None, 'todesfaelle': None, '7_tage_inzidenz': '118.7', 'rel_veraenderung_der_7_tage_inzidenz': None, '7_tage_hosp_inzidenz': None, 'its_belegung': None})
('7_tage_inzidenz -', 118.7, '- ROT')
Daten abgefragt: 2021-10-26 23:37:00
('Raw Data: ', {'id': '1769', 'datum': '2021-10-26', 'fallzahl': None, 'neue_faelle': None, 'genesene': None, 'todesfaelle': None, '7_tage_inzidenz': '118.7', 'rel_veraenderung_der_7_tage_inzidenz': None, '7_tage_hosp_inzidenz': None, 'its_belegung': None})
('7_tage_inzidenz -', 118.7, '- ROT')
Daten abgefragt: 2021-10-26 23:40:08
('Raw Data: ', {'id': '1769', 'datum': '2021-10-26', 'fallzahl': None, 'neue_faelle': None, 'genesene': None, 'todesfaelle': None, '7_tage_inzidenz': '118.7', 'rel_veraenderung_der_7_tage_inzidenz': None, '7_tage_hosp_inzidenz': None, 'its_belegung': None})
('7_tage_inzidenz -', 118.7, '- ROT')
Daten abgefragt: 2021-10-26 23:40:37
('Raw Data: ', {'id': '1769', 'datum': '2021-10-26', 'fallzahl': None, 'neue_faelle': None, 'genesene': None, 'todesfaelle': None, '7_tage_inzidenz': '118.7', 'rel_veraenderung_der_7_tage_inzidenz': None, '7_tage_hosp_inzidenz': None, 'its_belegung': None})
('7_tage_inzidenz -', 118.7, '- ROT')
Daten abgefragt: 2021-10-26 23:41:41
('Raw Data: ', {'id': '1769', 'datum': '2021-10-26', 'fallzahl': None, 'neue_faelle': None, 'genesene': None, 'todesfaelle': None, '7_tage_inzidenz': '118.7', 'rel_veraenderung_der_7_tage_inzidenz': None, '7_tage_hosp_inzidenz': None, 'its_belegung': None})
('7_tage_inzidenz -', 118.7, '- ROT')
Daten abgefragt: 2021-10-26 23:42:37
('Raw Data: ', {'id': '1769', 'datum': '2021-10-26', 'fallzahl': None, 'neue_faelle': None, 'genesene': None, 'todesfaelle': None, '7_tage_inzidenz': '118.7', 'rel_veraenderung_der_7_tage_inzidenz': None, '7_tage_hosp_inzidenz': None, 'its_belegung': None})
('7_tage_inzidenz -', 118.7, '- ROT')
Daten abgefragt: 2021-10-26 23:43:10
('Raw Data: ', {'id': '1769', 'datum': '2021-10-26', 'fallzahl': None, 'neue_faelle': None, 'genesene': None, 'todesfaelle': None, '7_tage_inzidenz': '118.7', 'rel_veraenderung_der_7_tage_inzidenz': None, '7_tage_hosp_inzidenz': None, 'its_belegung': None})
('7_tage_inzidenz -', 118.7, '- ROT')
Daten abgefragt: 2021-10-26 23:43:37
('Raw Data: ', {'id': '1769', 'datum': '2021-10-26', 'fallzahl': None, 'neue_faelle': None, 'genesene': None, 'todesfaelle': None, '7_tage_inzidenz': '118.7', 'rel_veraenderung_der_7_tage_inzidenz': None, '7_tage_hosp_inzidenz': None, 'its_belegung': None})
('7_tage_inzidenz -', 118.7, '- ROT')
Daten abgefragt: 2021-10-26 23:44:01
('Raw Data: ', {'id': '1769', 'datum': '2021-10-26', 'fallzahl': None, 'neue_faelle': None, 'genesene': None, 'todesfaelle': None, '7_tage_inzidenz': '118.7', 'rel_veraenderung_der_7_tage_inzidenz': None, '7_tage_hosp_inzidenz': None, 'its_belegung': None})
('7_tage_inzidenz -', 118.7, '- ROT')
Daten abgefragt: 2021-10-26 23:45:18
('Raw Data: ', {'id': '1769', 'datum': '2021-10-26', 'fallzahl': None, 'neue_faelle': None, 'genesene': None, 'todesfaelle': None, '7_tage_inzidenz': '118.7', 'rel_veraenderung_der_7_tage_inzidenz': None, '7_tage_hosp_inzidenz': None, 'its_belegung': None})
('7_tage_inzidenz -', 118.7, '- ROT')
Daten abgefragt: 2021-10-26 23:46:16
('Raw Data: ', {'id': '1769', 'datum': '2021-10-26', 'fallzahl': None, 'neue_faelle': None, 'genesene': None, 'todesfaelle': None, '7_tage_inzidenz': '118.7', 'rel_veraenderung_der_7_tage_inzidenz': None, '7_tage_hosp_inzidenz': None, 'its_belegung': None})
('7_tage_inzidenz -', 118.7, '- ROT')
Daten abgefragt: 2021-10-26 23:46:48
('Raw Data: ', {'id': '1769', 'datum': '2021-10-26', 'fallzahl': None, 'neue_faelle': None, 'genesene': None, 'todesfaelle': None, '7_tage_inzidenz': '118.7', 'rel_veraenderung_der_7_tage_inzidenz': None, '7_tage_hosp_inzidenz': None, 'its_belegung': None})
('7_tage_inzidenz -', 118.7, '- ROT')
Daten abgefragt: 2021-10-26 23:47:05
('Raw Data: ', {'id': '1769', 'datum': '2021-10-26', 'fallzahl': None, 'neue_faelle': None, 'genesene': None, 'todesfaelle': None, '7_tage_inzidenz': '118.7', 'rel_veraenderung_der_7_tage_inzidenz': None, '7_tage_hosp_inzidenz': None, 'its_belegung': None})
('7_tage_inzidenz -', 118.7, '- ROT')
Daten abgefragt: 2021-10-26 23:48:59
('Raw Data: ', {'id': '1769', 'datum': '2021-10-26', 'fallzahl': None, 'neue_faelle': None, 'genesene': None, 'todesfaelle': None, '7_tage_inzidenz': '118.7', 'rel_veraenderung_der_7_tage_inzidenz': None, '7_tage_hosp_inzidenz': None, 'its_belegung': None})
('7_tage_inzidenz -', 118.7, '- ROT')
Daten abgefragt: 2021-10-26 23:49:30
('Raw Data: ', {'id': '1769', 'datum': '2021-10-26', 'fallzahl': None, 'neue_faelle': None, 'genesene': None, 'todesfaelle': None, '7_tage_inzidenz': '118.7', 'rel_veraenderung_der_7_tage_inzidenz': None, '7_tage_hosp_inzidenz': None, 'its_belegung': None})
('7_tage_inzidenz -', 118.7, '- ROT')
Daten abgefragt: 2021-10-26 23:49:47
('Raw Data: ', {'id': '1769', 'datum': '2021-10-26', 'fallzahl': None, 'neue_faelle': None, 'genesene': None, 'todesfaelle': None, '7_tage_inzidenz': '118.7', 'rel_veraenderung_der_7_tage_inzidenz': None, '7_tage_hosp_inzidenz': None, 'its_belegung': None})
('7_tage_inzidenz -', 118.7, '- ROT')
Daten abgefragt: 2021-10-26 23:50:23
('Raw Data: ', {'id': '1769', 'datum': '2021-10-26', 'fallzahl': None, 'neue_faelle': None, 'genesene': None, 'todesfaelle': None, '7_tage_inzidenz': '118.7', 'rel_veraenderung_der_7_tage_inzidenz': None, '7_tage_hosp_inzidenz': None, 'its_belegung': None})
('7_tage_inzidenz -', 118.7, '- ROT')
('its_belegung -', 118.7, '- GRUEN')
Daten abgefragt: 2021-10-26 23:52:14
('Raw Data: ', {'id': '1769', 'datum': '2021-10-26', 'fallzahl': None, 'neue_faelle': None, 'genesene': None, 'todesfaelle': None, '7_tage_inzidenz': '118.7', 'rel_veraenderung_der_7_tage_inzidenz': None, '7_tage_hosp_inzidenz': None, 'its_belegung': None})
('7_tage_inzidenz -', 118.7, '- ROT')
('its_belegung -', 9.7, '- GRUEN')
Daten abgefragt: 2021-10-26 23:52:39
('Raw Data: ', {'id': '1769', 'datum': '2021-10-26', 'fallzahl': None, 'neue_faelle': None, 'genesene': None, 'todesfaelle': None, '7_tage_inzidenz': '118.7', 'rel_veraenderung_der_7_tage_inzidenz': None, '7_tage_hosp_inzidenz': None, 'its_belegung': None})
('7_tage_inzidenz -', 118.7, '- ROT')
('its_belegung -', 9.7, '- GRUEN')
Daten abgefragt: 2021-10-26 23:55:30
('Raw Data: ', {'id': '1769', 'datum': '2021-10-26', 'fallzahl': None, 'neue_faelle': None, 'genesene': None, 'todesfaelle': None, '7_tage_inzidenz': '118.7', 'rel_veraenderung_der_7_tage_inzidenz': None, '7_tage_hosp_inzidenz': None, 'its_belegung': None})
('7_tage_inzidenz -', 118.7, '- ROT')
('its_belegung -', 9.7, '- GRUEN')
('7_tage_hosp_inzidenz -', 3.6, '- ROT')
--------------------------------------------------------------------------------------------------------------------------------------------------
Daten abgefragt: 2021-10-26 23:58:07
('Raw Data: ', {'id': '1769', 'datum': '2021-10-26', 'fallzahl': None, 'neue_faelle': None, 'genesene': None, 'todesfaelle': None, '7_tage_inzidenz': '118.7', 'rel_veraenderung_der_7_tage_inzidenz': None, '7_tage_hosp_inzidenz': None, 'its_belegung': None})
('7_tage_inzidenz -', 118.7, '- ROT')
('its_belegung -', 9.7, '- GRUEN')
('7_tage_hosp_inzidenz -', 3.6, '- ROT')
--------------------------------------------------------------------------------------------------------------------------------------------------
Daten abgefragt: 2021-10-27 00:00:37
('Raw Data: ', {'id': '1769', 'datum': '2021-10-26', 'fallzahl': None, 'neue_faelle': None, 'genesene': None, 'todesfaelle': None, '7_tage_inzidenz': '118.7', 'rel_veraenderung_der_7_tage_inzidenz': None, '7_tage_hosp_inzidenz': None, 'its_belegung': None})
('7_tage_inzidenz -', 118.7, '- ROT')
('its_belegung -', 9.7, '- GRUEN')
('7_tage_hosp_inzidenz -', 3.6, '- GRUEN')
--------------------------------------------------------------------------------------------------------------------------------------------------
